#
# A fatal error has been detected by the Java Runtime Environment:
#
#  EXCEPTION_ACCESS_VIOLATION (0xc0000005) at pc=0x00007ffcd3e6e62d, pid=28128, tid=24020
#
# JRE version: OpenJDK Runtime Environment Zulu21.32+18-SA (21.0.2+13) (build 21.0.2+13-LTS)
# Java VM: OpenJDK 64-Bit Server VM Zulu21.32+18-SA (21.0.2+13-LTS, mixed mode, sharing, tiered, compressed oops, compressed class ptrs, g1 gc, windows-amd64)
# Problematic frame:
# C  [ntdll.dll+0x2e62d]
#
# No core dump will be written. Minidumps are not enabled by default on client versions of Windows
#
# If you would like to submit a bug report, please visit:
#   http://www.azul.com/support/
#

---------------  S U M M A R Y ------------

Command Line: -ea -Didea.test.cyclic.buffer.size=1048576 -javaagent:C:\Program Files\JetBrains\IntelliJ IDEA 2024.3.4\lib\idea_rt.jar=51655 -javaagent:C:\Users\BLR-LR\AppData\Local\JetBrains\IntelliJIdea2024.3\captureAgent\debugger-agent.jar -Dkotlinx.coroutines.debug.enable.creation.stack.trace=false -Ddebugger.agent.enable.coroutines=true -Dkotlinx.coroutines.debug.enable.flows.stack.trace=true -Dkotlinx.coroutines.debug.enable.mutable.state.flows.stack.trace=true -Dfile.encoding=UTF-8 -Dsun.stdout.encoding=UTF-8 -Dsun.stderr.encoding=UTF-8 com.intellij.rt.junit.JUnitStarter -ideVersion5 -junit5 expd.week12.capstone02.dao.inMemory.ArtistDAOTest,testUpdateArtist

Host: 12th Gen Intel(R) Core(TM) i7-1255U, 12 cores, 15G,  Windows 11 , 64 bit Build 26100 (10.0.26100.2454)
Time: Wed Mar  5 12:52:25 2025 India Standard Time elapsed time: 2.083731 seconds (0d 0h 0m 2s)

---------------  T H R E A D  ---------------

Current thread (0x00000205334d1430):  VMThread "VM Thread"          [id=24020, stack(0x000000b855b00000,0x000000b855c00000) (1024K)]

Stack: [0x000000b855b00000,0x000000b855c00000],  sp=0x000000b855bfe670,  free space=1017k
Native frames: (J=compiled Java code, j=interpreted, Vv=VM code, C=native code)
C  [ntdll.dll+0x2e62d]
C  [ntdll.dll+0xbd27f]
C  [ntdll.dll+0x2a83a]
C  [ntdll.dll+0x32871]
C  [ucrtbase.dll+0xddab]
C  [ucrtbase.dll+0x23f45]
C  [pdh.dll+0x1b1c9]


siginfo: EXCEPTION_ACCESS_VIOLATION (0xc0000005), reading address 0x0000000000002000


Registers:
RAX=0x0000000000002000, RBX=0x000002057af74f10, RCX=0x0000000000100000, RDX=0x000000000000c002
RSP=0x000000b855bfe670, RBP=0x00000205111a0000, RSI=0x00000205111a4d90, RDI=0x000002057ac74740
R8 =0x00000205111a0150, R9 =0xfeeefeeefeeefeee, R10=0x0000000000000000, R11=0x0000000000000001
R12=0x0000000002000002, R13=0x000002057a8d0000, R14=0x000002057af74f20, R15=0x000000006600f294
RIP=0x00007ffcd3e6e62d, EFLAGS=0x0000000000010293


Register to memory mapping:

RAX=0x0000000000002000 is an unknown value
RBX=0x000002057af74f10 points into unknown readable memory: 0x0000000000000000 | 00 00 00 00 00 00 00 00
RCX=0x0000000000100000 is an unknown value
RDX=0x000000000000c002 is an unknown value
RSP=0x000000b855bfe670 points into unknown readable memory: 0x0000000000000000 | 00 00 00 00 00 00 00 00
RBP=0x00000205111a0000 points into unknown readable memory: 0x0000000000000000 | 00 00 00 00 00 00 00 00
RSI=0x00000205111a4d90 points into unknown readable memory: 0x0000000000000000 | 00 00 00 00 00 00 00 00
RDI=0x000002057ac74740 points into unknown readable memory: 0x0000002400000db0 | b0 0d 00 00 24 00 00 00
R8 =0x00000205111a0150 points into unknown readable memory: 0x000002057a975bd0 | d0 5b 97 7a 05 02 00 00
R9 =0xfeeefeeefeeefeee is an unknown value
R10=0x0 is null
R11=0x0000000000000001 is an unknown value
R12=0x0000000002000002 is an unknown value
R13=0x000002057a8d0000 points into unknown readable memory: 0x0000000000000000 | 00 00 00 00 00 00 00 00
R14=0x000002057af74f20 points into unknown readable memory: 0x000002057b0b4f50 | 50 4f 0b 7b 05 02 00 00
R15=0x000000006600f294 is an unknown value

Top of Stack: (sp=0x000000b855bfe670)
0x000000b855bfe670:   0000000000000000 0000000000000000
0x000000b855bfe680:   0000000000000000 0000000000000000
0x000000b855bfe690:   0000000000000000 0000000000000000
0x000000b855bfe6a0:   0000c0020000a0fd 000000000000c002
0x000000b855bfe6b0:   000002057a8d0000 0000000000000000
0x000000b855bfe6c0:   0000000000000000 000002057af74f10
0x000000b855bfe6d0:   000002057af74f10 0000000000000000
0x000000b855bfe6e0:   000000000000c002 000000b855bfe770
0x000000b855bfe6f0:   00000205111a0000 00007ffcd3efd27f
0x000000b855bfe700:   000002057b034f30 000002057af74f10
0x000000b855bfe710:   000000000000c002 0000000000000000
0x000000b855bfe720:   0000000000000000 0000000000000000
0x000000b855bfe730:   0000000000000000 0000000000000000
0x000000b855bfe740:   0000000000000000 0000000000000000
0x000000b855bfe750:   000002057af74f10 0000000000000000
0x000000b855bfe760:   0000000000000000 000000008d001895
0x000000b855bfe770:   000002057ae29010 0000000000000000
0x000000b855bfe780:   000000007ffe0301 0000000000000000
0x000000b855bfe790:   000002057b034f30 000002057af74f10
0x000000b855bfe7a0:   000002057ad6c148 00007ffcd3e6a83a
0x000000b855bfe7b0:   00000205111a0000 00000205111a0000
0x000000b855bfe7c0:   000000000000c002 00000205111a0000
0x000000b855bfe7d0:   00000000000003ff 0000000000004001
0x000000b855bfe7e0:   0000000000000000 0000000000000000
0x000000b855bfe7f0:   0000000000000001 000000000000c002
0x000000b855bfe800:   0000000000000101 0000000000000000
0x000000b855bfe810:   0000000000000000 0000037f00001895
0x000000b855bfe820:   0000000000000001 0000000000000000
0x000000b855bfe830:   0000000000000000 0000000000000177
0x000000b855bfe840:   0000000000000000 000002057af74f20
0x000000b855bfe850:   00000205111a4e34 0000000000000177
0x000000b855bfe860:   000000b855bff100 00007ffcd3e6b9e9 

Instructions: (pc=0x00007ffcd3e6e62d)
0x00007ffcd3e6e52d:   00 8b ca 8b c2 c1 e8 08 44 8b e2 c1 e9 10 32 c8
0x00007ffcd3e6e53d:   8b c2 c1 e8 18 32 ca 3a c1 74 1e 33 c0 45 33 c9
0x00007ffcd3e6e54d:   48 89 44 24 28 48 8b d5 48 89 44 24 20 8d 48 03
0x00007ffcd3e6e55d:   e8 ce b1 ff ff 41 0f b7 d4 0f b7 c2 41 8b cd 2b
0x00007ffcd3e6e56d:   c8 85 c9 0f 8e 62 04 00 00 48 83 3e 00 75 0e 8b
0x00007ffcd3e6e57d:   46 08 ff c8 44 3b f8 0f 84 b5 03 00 00 44 8b 46
0x00007ffcd3e6e58d:   08 41 8b fe 44 2b 46 18 41 83 e6 1f 48 8b 46 28
0x00007ffcd3e6e59d:   ba ff ff ff ff c1 ef 05 41 0f b6 ce 41 c1 e8 05
0x00007ffcd3e6e5ad:   41 ff c8 d3 e2 23 14 b8 4c 8d 0c b8 0f 84 63 03
0x00007ffcd3e6e5bd:   00 00 8b ca 66 85 d2 0f 85 f9 01 00 00 f7 c2 00
0x00007ffcd3e6e5cd:   00 ff 00 0f 85 0a 04 00 00 48 c1 e9 18 0f b6 0c
0x00007ffcd3e6e5dd:   19 83 c1 18 c1 e7 05 03 cf 83 7e 0c 00 8d 04 09
0x00007ffcd3e6e5ed:   0f 44 c1 8b c8 48 8b 46 30 48 8b 3c c8 48 85 ff
0x00007ffcd3e6e5fd:   0f 84 81 00 00 00 48 8b 9c 24 98 00 00 00 4c 8d
0x00007ffcd3e6e60d:   85 50 01 00 00 4c 8b 6c 24 40 48 8b 54 24 38 4c
0x00007ffcd3e6e61d:   3b c7 0f 85 5f 01 00 00 48 8b 47 08 4c 8d 73 10
0x00007ffcd3e6e62d:   48 8b 08 48 3b cf 0f 85 36 04 00 00 49 89 3e 49
0x00007ffcd3e6e63d:   89 46 08 4c 89 30 4c 89 77 08 0f b7 43 08 48 01
0x00007ffcd3e6e64d:   85 c0 00 00 00 48 8b bd 38 01 00 00 48 85 ff 0f
0x00007ffcd3e6e65d:   84 94 00 00 00 0f b7 4b 08 8b 47 08 48 3b c8 72
0x00007ffcd3e6e66d:   25 48 8b 17 48 85 d2 0f 84 3f 01 00 00 48 8b fa
0x00007ffcd3e6e67d:   eb e7 4c 8b 6c 24 38 48 8b 36 44 8b 7e 18 41 8b
0x00007ffcd3e6e68d:   c7 e9 0b fe ff ff 8d 50 ff 0f b7 43 08 8b f1 2b
0x00007ffcd3e6e69d:   77 18 83 7f 0c 00 66 89 44 24 30 48 8b 47 30 44
0x00007ffcd3e6e6ad:   8d 24 36 44 0f 44 e6 ff 47 10 4e 8b 3c e0 3b ca
0x00007ffcd3e6e6bd:   75 03 ff 47 14 4d 85 ff 0f 85 1d 01 00 00 48 8b
0x00007ffcd3e6e6cd:   47 30 4e 89 34 e0 4d 85 ff 75 1e 48 8b 47 28 8b
0x00007ffcd3e6e6dd:   d6 83 e6 1f 48 c1 ea 05 40 0f b6 ce 48 8d 14 90
0x00007ffcd3e6e6ed:   b8 01 00 00 00 d3 e0 09 02 83 7d 7c 00 74 16 0f
0x00007ffcd3e6e6fd:   b6 43 0a 32 43 09 32 43 08 88 43 0b 8b 85 88 00
0x00007ffcd3e6e70d:   00 00 31 43 08 8b 4c 24 34 ba 00 ff 00 00 4c 8b
0x00007ffcd3e6e71d:   84 24 a0 00 00 00 0f b7 f9 0f b7 c1 49 b9 ee fe 


Stack slot to memory mapping:

stack at sp + 0 slots: 0x0 is null
stack at sp + 1 slots: 0x0 is null
stack at sp + 2 slots: 0x0 is null
stack at sp + 3 slots: 0x0 is null
stack at sp + 4 slots: 0x0 is null
stack at sp + 5 slots: 0x0 is null
stack at sp + 6 slots: 0x0000c0020000a0fd is an unknown value
stack at sp + 7 slots: 0x000000000000c002 is an unknown value

VM_Operation (0x000000b8554ff380): Exit, mode: safepoint, requested by thread 0x0000020512b66b40


---------------  P R O C E S S  ---------------

Threads class SMR info:
_java_thread_list=0x000002057a8dd7d0, length=18, elements={
0x0000020512b66b40, 0x00000205334f31c0, 0x00000205334f3be0, 0x00000205334f5ce0,
0x00000205334f6d10, 0x00000205334f96c0, 0x00000205334fac50, 0x00000205334fe7a0,
0x0000020533509240, 0x000002053393b150, 0x0000020533993110, 0x0000020533b205b0,
0x0000020533b96a80, 0x0000020579c5e910, 0x0000020579a07620, 0x0000020579a082c0,
0x0000020579a06fd0, 0x0000020579a049f0
}

Java Threads: ( => current thread )
  0x0000020512b66b40 JavaThread "main"                              [_thread_blocked, id=14012, stack(0x000000b855400000,0x000000b855500000) (1024K)]
  0x00000205334f31c0 JavaThread "Reference Handler"          daemon [_thread_blocked, id=16792, stack(0x000000b855c00000,0x000000b855d00000) (1024K)]
  0x00000205334f3be0 JavaThread "Finalizer"                  daemon [_thread_blocked, id=20252, stack(0x000000b855d00000,0x000000b855e00000) (1024K)]
  0x00000205334f5ce0 JavaThread "Signal Dispatcher"          daemon [_thread_blocked, id=30596, stack(0x000000b855e00000,0x000000b855f00000) (1024K)]
  0x00000205334f6d10 JavaThread "Attach Listener"            daemon [_thread_blocked, id=6776, stack(0x000000b855f00000,0x000000b856000000) (1024K)]
  0x00000205334f96c0 JavaThread "Service Thread"             daemon [_thread_blocked, id=24332, stack(0x000000b856000000,0x000000b856100000) (1024K)]
  0x00000205334fac50 JavaThread "Monitor Deflation Thread"   daemon [_thread_blocked, id=28944, stack(0x000000b856100000,0x000000b856200000) (1024K)]
  0x00000205334fe7a0 JavaThread "C2 CompilerThread0"         daemon [_thread_blocked, id=32936, stack(0x000000b856200000,0x000000b856300000) (1024K)]
  0x0000020533509240 JavaThread "C1 CompilerThread0"         daemon [_thread_blocked, id=13264, stack(0x000000b856300000,0x000000b856400000) (1024K)]
  0x000002053393b150 JavaThread "Common-Cleaner"             daemon [_thread_blocked, id=5268, stack(0x000000b856400000,0x000000b856500000) (1024K)]
  0x0000020533993110 JavaThread "C2 CompilerThread1"         daemon [_thread_blocked, id=22804, stack(0x000000b856500000,0x000000b856600000) (1024K)]
  0x0000020533b205b0 JavaThread "Monitor Ctrl-Break"         daemon [_thread_in_native, id=7984, stack(0x000000b856600000,0x000000b856700000) (1024K)]
  0x0000020533b96a80 JavaThread "Notification Thread"        daemon [_thread_blocked, id=22412, stack(0x000000b856700000,0x000000b856800000) (1024K)]
  0x0000020579c5e910 JavaThread "C2 CompilerThread2"         daemon [_thread_blocked, id=31556, stack(0x000000b857000000,0x000000b857100000) (1024K)]
  0x0000020579a07620 JavaThread "RMI TCP Accept-0"           daemon [_thread_in_native, id=15536, stack(0x000000b857100000,0x000000b857200000) (1024K)]
  0x0000020579a082c0 JavaThread "RMI TCP Connection(1)-192.1.134.92" daemon [_thread_in_native, id=23568, stack(0x000000b857200000,0x000000b857300000) (1024K)]
  0x0000020579a06fd0 JavaThread "RMI Scheduler(0)"           daemon [_thread_blocked, id=26844, stack(0x000000b857300000,0x000000b857400000) (1024K)]
  0x0000020579a049f0 JavaThread "JMX server connection timeout 34" daemon [_thread_blocked, id=15056, stack(0x000000b857400000,0x000000b857500000) (1024K)]
Total: 18

Other Threads:
=>0x00000205334d1430 VMThread "VM Thread"                           [id=24020, stack(0x000000b855b00000,0x000000b855c00000) (1024K)]
  0x0000020512bd36d0 WorkerThread "GC Thread#0"                     [id=23232, stack(0x000000b855500000,0x000000b855600000) (1024K)]
  0x0000020579bd07c0 WorkerThread "GC Thread#1"                     [id=16064, stack(0x000000b856800000,0x000000b856900000) (1024K)]
  0x0000020579befb20 WorkerThread "GC Thread#2"                     [id=4200, stack(0x000000b856900000,0x000000b856a00000) (1024K)]
  0x0000020579be6910 WorkerThread "GC Thread#3"                     [id=27452, stack(0x000000b856a00000,0x000000b856b00000) (1024K)]
  0x0000020579be74d0 WorkerThread "GC Thread#4"                     [id=22672, stack(0x000000b856b00000,0x000000b856c00000) (1024K)]
  0x0000020579be8090 WorkerThread "GC Thread#5"                     [id=2224, stack(0x000000b856c00000,0x000000b856d00000) (1024K)]
  0x0000020579c42d70 WorkerThread "GC Thread#6"                     [id=6644, stack(0x000000b856d00000,0x000000b856e00000) (1024K)]
  0x0000020579c43530 WorkerThread "GC Thread#7"                     [id=14776, stack(0x000000b856e00000,0x000000b856f00000) (1024K)]
  0x0000020579c43ce0 WorkerThread "GC Thread#8"                     [id=22852, stack(0x000000b856f00000,0x000000b857000000) (1024K)]
  0x0000020512be4330 ConcurrentGCThread "G1 Main Marker"            terminated
  0x0000020512be71b0 WorkerThread "G1 Conc#0"                       [id=32184, stack(0x000000b855700000,0x000000b855800000) (1024K)]
  0x0000020533385080 ConcurrentGCThread "G1 Refine#0"               terminated
  0x00000205333858b0 ConcurrentGCThread "G1 Service"                terminated
Total: 14

Threads with active compile tasks:
C2 CompilerThread1     2145 1764       4       java.lang.invoke.MethodType::makeImpl (109 bytes)
C2 CompilerThread2     2145 1778       4       java.lang.invoke.MethodType::methodType (69 bytes)
Total: 2

VM state: at safepoint (shutting down)

VM Mutex/Monitor currently owned by a thread:  ([mutex/lock_event])
[0x00007ffc2e910d38] Threads_lock - owner thread: 0x00000205334d1430
[0x00007ffc2e910e38] Heap_lock - owner thread: 0x0000020512b66b40

Heap address: 0x0000000704e00000, size: 4018 MB, Compressed Oops mode: Zero based, Oop shift amount: 3

CDS archive(s) mapped at: [0x0000020534000000-0x0000020534cf0000-0x0000020534cf0000), size 13565952, SharedBaseAddress: 0x0000020534000000, ArchiveRelocationMode: 1.
Compressed class space mapped at: 0x0000020535000000-0x0000020575000000, reserved size: 1073741824
Narrow klass base: 0x0000020534000000, Narrow klass shift: 0, Narrow klass range: 0x100000000

GC Precious Log:
 CardTable entry size: 512
 Card Set container configuration: InlinePtr #cards 4 size 8 Array Of Cards #cards 16 size 48 Howl #buckets 8 coarsen threshold 3686 Howl Bitmap #cards 512 size 80 coarsen threshold 460 Card regions per heap region 1 cards per card region 4096
 CPUs: 12 total, 12 available
 Memory: 16067M
 Large Page Support: Disabled
 NUMA Support: Disabled
 Compressed Oops: Enabled (Zero based)
 Heap Region Size: 2M
 Heap Min Capacity: 8M
 Heap Initial Capacity: 252M
 Heap Max Capacity: 4018M
 Pre-touch: Disabled
 Parallel Workers: 10
 Concurrent Workers: 3
 Concurrent Refinement Workers: 10
 Periodic GC: Disabled

Heap:
 garbage-first heap   total 258048K, used 23167K [0x0000000704e00000, 0x0000000800000000)
  region size 2048K, 12 young (24576K), 2 survivors (4096K)
 Metaspace       used 13629K, committed 13952K, reserved 1114112K
  class space    used 1543K, committed 1728K, reserved 1048576K

Heap Regions: E=young(eden), S=young(survivor), O=old, HS=humongous(starts), HC=humongous(continues), CS=collection set, F=free, TAMS=top-at-mark-start, PB=parsable bottom
|   0|0x0000000704e00000, 0x0000000705000000, 0x0000000705000000|100%| O|  |TAMS 0x0000000704e00000| PB 0x0000000704e00000| Untracked 
|   1|0x0000000705000000, 0x000000070509ff00, 0x0000000705200000| 31%| O|  |TAMS 0x0000000705000000| PB 0x0000000705000000| Untracked 
|   2|0x0000000705200000, 0x0000000705200000, 0x0000000705400000|  0%| F|  |TAMS 0x0000000705200000| PB 0x0000000705200000| Untracked 
|   3|0x0000000705400000, 0x0000000705400000, 0x0000000705600000|  0%| F|  |TAMS 0x0000000705400000| PB 0x0000000705400000| Untracked 
|   4|0x0000000705600000, 0x0000000705600000, 0x0000000705800000|  0%| F|  |TAMS 0x0000000705600000| PB 0x0000000705600000| Untracked 
|   5|0x0000000705800000, 0x0000000705800000, 0x0000000705a00000|  0%| F|  |TAMS 0x0000000705800000| PB 0x0000000705800000| Untracked 
|   6|0x0000000705a00000, 0x0000000705a00000, 0x0000000705c00000|  0%| F|  |TAMS 0x0000000705a00000| PB 0x0000000705a00000| Untracked 
|   7|0x0000000705c00000, 0x0000000705c00000, 0x0000000705e00000|  0%| F|  |TAMS 0x0000000705c00000| PB 0x0000000705c00000| Untracked 
|   8|0x0000000705e00000, 0x0000000705e00000, 0x0000000706000000|  0%| F|  |TAMS 0x0000000705e00000| PB 0x0000000705e00000| Untracked 
|   9|0x0000000706000000, 0x0000000706000000, 0x0000000706200000|  0%| F|  |TAMS 0x0000000706000000| PB 0x0000000706000000| Untracked 
|  10|0x0000000706200000, 0x0000000706200000, 0x0000000706400000|  0%| F|  |TAMS 0x0000000706200000| PB 0x0000000706200000| Untracked 
|  11|0x0000000706400000, 0x0000000706400000, 0x0000000706600000|  0%| F|  |TAMS 0x0000000706400000| PB 0x0000000706400000| Untracked 
|  12|0x0000000706600000, 0x0000000706600000, 0x0000000706800000|  0%| F|  |TAMS 0x0000000706600000| PB 0x0000000706600000| Untracked 
|  13|0x0000000706800000, 0x0000000706800000, 0x0000000706a00000|  0%| F|  |TAMS 0x0000000706800000| PB 0x0000000706800000| Untracked 
|  14|0x0000000706a00000, 0x0000000706a00000, 0x0000000706c00000|  0%| F|  |TAMS 0x0000000706a00000| PB 0x0000000706a00000| Untracked 
|  15|0x0000000706c00000, 0x0000000706c00000, 0x0000000706e00000|  0%| F|  |TAMS 0x0000000706c00000| PB 0x0000000706c00000| Untracked 
|  16|0x0000000706e00000, 0x0000000706e00000, 0x0000000707000000|  0%| F|  |TAMS 0x0000000706e00000| PB 0x0000000706e00000| Untracked 
|  17|0x0000000707000000, 0x0000000707000000, 0x0000000707200000|  0%| F|  |TAMS 0x0000000707000000| PB 0x0000000707000000| Untracked 
|  18|0x0000000707200000, 0x0000000707200000, 0x0000000707400000|  0%| F|  |TAMS 0x0000000707200000| PB 0x0000000707200000| Untracked 
|  19|0x0000000707400000, 0x0000000707400000, 0x0000000707600000|  0%| F|  |TAMS 0x0000000707400000| PB 0x0000000707400000| Untracked 
|  20|0x0000000707600000, 0x0000000707600000, 0x0000000707800000|  0%| F|  |TAMS 0x0000000707600000| PB 0x0000000707600000| Untracked 
|  21|0x0000000707800000, 0x0000000707800000, 0x0000000707a00000|  0%| F|  |TAMS 0x0000000707800000| PB 0x0000000707800000| Untracked 
|  22|0x0000000707a00000, 0x0000000707a00000, 0x0000000707c00000|  0%| F|  |TAMS 0x0000000707a00000| PB 0x0000000707a00000| Untracked 
|  23|0x0000000707c00000, 0x0000000707c00000, 0x0000000707e00000|  0%| F|  |TAMS 0x0000000707c00000| PB 0x0000000707c00000| Untracked 
|  24|0x0000000707e00000, 0x0000000707e00000, 0x0000000708000000|  0%| F|  |TAMS 0x0000000707e00000| PB 0x0000000707e00000| Untracked 
|  25|0x0000000708000000, 0x0000000708000000, 0x0000000708200000|  0%| F|  |TAMS 0x0000000708000000| PB 0x0000000708000000| Untracked 
|  26|0x0000000708200000, 0x0000000708200000, 0x0000000708400000|  0%| F|  |TAMS 0x0000000708200000| PB 0x0000000708200000| Untracked 
|  27|0x0000000708400000, 0x0000000708400000, 0x0000000708600000|  0%| F|  |TAMS 0x0000000708400000| PB 0x0000000708400000| Untracked 
|  28|0x0000000708600000, 0x0000000708600000, 0x0000000708800000|  0%| F|  |TAMS 0x0000000708600000| PB 0x0000000708600000| Untracked 
|  29|0x0000000708800000, 0x0000000708800000, 0x0000000708a00000|  0%| F|  |TAMS 0x0000000708800000| PB 0x0000000708800000| Untracked 
|  30|0x0000000708a00000, 0x0000000708a00000, 0x0000000708c00000|  0%| F|  |TAMS 0x0000000708a00000| PB 0x0000000708a00000| Untracked 
|  31|0x0000000708c00000, 0x0000000708c00000, 0x0000000708e00000|  0%| F|  |TAMS 0x0000000708c00000| PB 0x0000000708c00000| Untracked 
|  32|0x0000000708e00000, 0x0000000708e00000, 0x0000000709000000|  0%| F|  |TAMS 0x0000000708e00000| PB 0x0000000708e00000| Untracked 
|  33|0x0000000709000000, 0x0000000709000000, 0x0000000709200000|  0%| F|  |TAMS 0x0000000709000000| PB 0x0000000709000000| Untracked 
|  34|0x0000000709200000, 0x0000000709200000, 0x0000000709400000|  0%| F|  |TAMS 0x0000000709200000| PB 0x0000000709200000| Untracked 
|  35|0x0000000709400000, 0x0000000709400000, 0x0000000709600000|  0%| F|  |TAMS 0x0000000709400000| PB 0x0000000709400000| Untracked 
|  36|0x0000000709600000, 0x0000000709600000, 0x0000000709800000|  0%| F|  |TAMS 0x0000000709600000| PB 0x0000000709600000| Untracked 
|  37|0x0000000709800000, 0x0000000709800000, 0x0000000709a00000|  0%| F|  |TAMS 0x0000000709800000| PB 0x0000000709800000| Untracked 
|  38|0x0000000709a00000, 0x0000000709a00000, 0x0000000709c00000|  0%| F|  |TAMS 0x0000000709a00000| PB 0x0000000709a00000| Untracked 
|  39|0x0000000709c00000, 0x0000000709c00000, 0x0000000709e00000|  0%| F|  |TAMS 0x0000000709c00000| PB 0x0000000709c00000| Untracked 
|  40|0x0000000709e00000, 0x0000000709e00000, 0x000000070a000000|  0%| F|  |TAMS 0x0000000709e00000| PB 0x0000000709e00000| Untracked 
|  41|0x000000070a000000, 0x000000070a000000, 0x000000070a200000|  0%| F|  |TAMS 0x000000070a000000| PB 0x000000070a000000| Untracked 
|  42|0x000000070a200000, 0x000000070a200000, 0x000000070a400000|  0%| F|  |TAMS 0x000000070a200000| PB 0x000000070a200000| Untracked 
|  43|0x000000070a400000, 0x000000070a400000, 0x000000070a600000|  0%| F|  |TAMS 0x000000070a400000| PB 0x000000070a400000| Untracked 
|  44|0x000000070a600000, 0x000000070a600000, 0x000000070a800000|  0%| F|  |TAMS 0x000000070a600000| PB 0x000000070a600000| Untracked 
|  45|0x000000070a800000, 0x000000070a800000, 0x000000070aa00000|  0%| F|  |TAMS 0x000000070a800000| PB 0x000000070a800000| Untracked 
|  46|0x000000070aa00000, 0x000000070aa00000, 0x000000070ac00000|  0%| F|  |TAMS 0x000000070aa00000| PB 0x000000070aa00000| Untracked 
|  47|0x000000070ac00000, 0x000000070ac00000, 0x000000070ae00000|  0%| F|  |TAMS 0x000000070ac00000| PB 0x000000070ac00000| Untracked 
|  48|0x000000070ae00000, 0x000000070ae00000, 0x000000070b000000|  0%| F|  |TAMS 0x000000070ae00000| PB 0x000000070ae00000| Untracked 
|  49|0x000000070b000000, 0x000000070b000000, 0x000000070b200000|  0%| F|  |TAMS 0x000000070b000000| PB 0x000000070b000000| Untracked 
|  50|0x000000070b200000, 0x000000070b200000, 0x000000070b400000|  0%| F|  |TAMS 0x000000070b200000| PB 0x000000070b200000| Untracked 
|  51|0x000000070b400000, 0x000000070b400000, 0x000000070b600000|  0%| F|  |TAMS 0x000000070b400000| PB 0x000000070b400000| Untracked 
|  52|0x000000070b600000, 0x000000070b600000, 0x000000070b800000|  0%| F|  |TAMS 0x000000070b600000| PB 0x000000070b600000| Untracked 
|  53|0x000000070b800000, 0x000000070b800000, 0x000000070ba00000|  0%| F|  |TAMS 0x000000070b800000| PB 0x000000070b800000| Untracked 
|  54|0x000000070ba00000, 0x000000070ba00000, 0x000000070bc00000|  0%| F|  |TAMS 0x000000070ba00000| PB 0x000000070ba00000| Untracked 
|  55|0x000000070bc00000, 0x000000070bc00000, 0x000000070be00000|  0%| F|  |TAMS 0x000000070bc00000| PB 0x000000070bc00000| Untracked 
|  56|0x000000070be00000, 0x000000070be00000, 0x000000070c000000|  0%| F|  |TAMS 0x000000070be00000| PB 0x000000070be00000| Untracked 
|  57|0x000000070c000000, 0x000000070c000000, 0x000000070c200000|  0%| F|  |TAMS 0x000000070c000000| PB 0x000000070c000000| Untracked 
|  58|0x000000070c200000, 0x000000070c200000, 0x000000070c400000|  0%| F|  |TAMS 0x000000070c200000| PB 0x000000070c200000| Untracked 
|  59|0x000000070c400000, 0x000000070c400000, 0x000000070c600000|  0%| F|  |TAMS 0x000000070c400000| PB 0x000000070c400000| Untracked 
|  60|0x000000070c600000, 0x000000070c600000, 0x000000070c800000|  0%| F|  |TAMS 0x000000070c600000| PB 0x000000070c600000| Untracked 
|  61|0x000000070c800000, 0x000000070c800000, 0x000000070ca00000|  0%| F|  |TAMS 0x000000070c800000| PB 0x000000070c800000| Untracked 
|  62|0x000000070ca00000, 0x000000070ca00000, 0x000000070cc00000|  0%| F|  |TAMS 0x000000070ca00000| PB 0x000000070ca00000| Untracked 
|  63|0x000000070cc00000, 0x000000070cc00000, 0x000000070ce00000|  0%| F|  |TAMS 0x000000070cc00000| PB 0x000000070cc00000| Untracked 
|  64|0x000000070ce00000, 0x000000070ce00000, 0x000000070d000000|  0%| F|  |TAMS 0x000000070ce00000| PB 0x000000070ce00000| Untracked 
|  65|0x000000070d000000, 0x000000070d000000, 0x000000070d200000|  0%| F|  |TAMS 0x000000070d000000| PB 0x000000070d000000| Untracked 
|  66|0x000000070d200000, 0x000000070d200000, 0x000000070d400000|  0%| F|  |TAMS 0x000000070d200000| PB 0x000000070d200000| Untracked 
|  67|0x000000070d400000, 0x000000070d400000, 0x000000070d600000|  0%| F|  |TAMS 0x000000070d400000| PB 0x000000070d400000| Untracked 
|  68|0x000000070d600000, 0x000000070d600000, 0x000000070d800000|  0%| F|  |TAMS 0x000000070d600000| PB 0x000000070d600000| Untracked 
|  69|0x000000070d800000, 0x000000070d800000, 0x000000070da00000|  0%| F|  |TAMS 0x000000070d800000| PB 0x000000070d800000| Untracked 
|  70|0x000000070da00000, 0x000000070da00000, 0x000000070dc00000|  0%| F|  |TAMS 0x000000070da00000| PB 0x000000070da00000| Untracked 
|  71|0x000000070dc00000, 0x000000070dc00000, 0x000000070de00000|  0%| F|  |TAMS 0x000000070dc00000| PB 0x000000070dc00000| Untracked 
|  72|0x000000070de00000, 0x000000070de00000, 0x000000070e000000|  0%| F|  |TAMS 0x000000070de00000| PB 0x000000070de00000| Untracked 
|  73|0x000000070e000000, 0x000000070e000000, 0x000000070e200000|  0%| F|  |TAMS 0x000000070e000000| PB 0x000000070e000000| Untracked 
|  74|0x000000070e200000, 0x000000070e200000, 0x000000070e400000|  0%| F|  |TAMS 0x000000070e200000| PB 0x000000070e200000| Untracked 
|  75|0x000000070e400000, 0x000000070e400000, 0x000000070e600000|  0%| F|  |TAMS 0x000000070e400000| PB 0x000000070e400000| Untracked 
|  76|0x000000070e600000, 0x000000070e600000, 0x000000070e800000|  0%| F|  |TAMS 0x000000070e600000| PB 0x000000070e600000| Untracked 
|  77|0x000000070e800000, 0x000000070e800000, 0x000000070ea00000|  0%| F|  |TAMS 0x000000070e800000| PB 0x000000070e800000| Untracked 
|  78|0x000000070ea00000, 0x000000070ea00000, 0x000000070ec00000|  0%| F|  |TAMS 0x000000070ea00000| PB 0x000000070ea00000| Untracked 
|  79|0x000000070ec00000, 0x000000070ec00000, 0x000000070ee00000|  0%| F|  |TAMS 0x000000070ec00000| PB 0x000000070ec00000| Untracked 
|  80|0x000000070ee00000, 0x000000070ee00000, 0x000000070f000000|  0%| F|  |TAMS 0x000000070ee00000| PB 0x000000070ee00000| Untracked 
|  81|0x000000070f000000, 0x000000070f000000, 0x000000070f200000|  0%| F|  |TAMS 0x000000070f000000| PB 0x000000070f000000| Untracked 
|  82|0x000000070f200000, 0x000000070f200000, 0x000000070f400000|  0%| F|  |TAMS 0x000000070f200000| PB 0x000000070f200000| Untracked 
|  83|0x000000070f400000, 0x000000070f400000, 0x000000070f600000|  0%| F|  |TAMS 0x000000070f400000| PB 0x000000070f400000| Untracked 
|  84|0x000000070f600000, 0x000000070f600000, 0x000000070f800000|  0%| F|  |TAMS 0x000000070f600000| PB 0x000000070f600000| Untracked 
|  85|0x000000070f800000, 0x000000070f800000, 0x000000070fa00000|  0%| F|  |TAMS 0x000000070f800000| PB 0x000000070f800000| Untracked 
|  86|0x000000070fa00000, 0x000000070fa00000, 0x000000070fc00000|  0%| F|  |TAMS 0x000000070fa00000| PB 0x000000070fa00000| Untracked 
|  87|0x000000070fc00000, 0x000000070fc00000, 0x000000070fe00000|  0%| F|  |TAMS 0x000000070fc00000| PB 0x000000070fc00000| Untracked 
|  88|0x000000070fe00000, 0x000000070fe00000, 0x0000000710000000|  0%| F|  |TAMS 0x000000070fe00000| PB 0x000000070fe00000| Untracked 
|  89|0x0000000710000000, 0x0000000710000000, 0x0000000710200000|  0%| F|  |TAMS 0x0000000710000000| PB 0x0000000710000000| Untracked 
|  90|0x0000000710200000, 0x0000000710200000, 0x0000000710400000|  0%| F|  |TAMS 0x0000000710200000| PB 0x0000000710200000| Untracked 
|  91|0x0000000710400000, 0x0000000710400000, 0x0000000710600000|  0%| F|  |TAMS 0x0000000710400000| PB 0x0000000710400000| Untracked 
|  92|0x0000000710600000, 0x0000000710600000, 0x0000000710800000|  0%| F|  |TAMS 0x0000000710600000| PB 0x0000000710600000| Untracked 
|  93|0x0000000710800000, 0x0000000710800000, 0x0000000710a00000|  0%| F|  |TAMS 0x0000000710800000| PB 0x0000000710800000| Untracked 
|  94|0x0000000710a00000, 0x0000000710a00000, 0x0000000710c00000|  0%| F|  |TAMS 0x0000000710a00000| PB 0x0000000710a00000| Untracked 
|  95|0x0000000710c00000, 0x0000000710c00000, 0x0000000710e00000|  0%| F|  |TAMS 0x0000000710c00000| PB 0x0000000710c00000| Untracked 
|  96|0x0000000710e00000, 0x0000000710e00000, 0x0000000711000000|  0%| F|  |TAMS 0x0000000710e00000| PB 0x0000000710e00000| Untracked 
|  97|0x0000000711000000, 0x0000000711000000, 0x0000000711200000|  0%| F|  |TAMS 0x0000000711000000| PB 0x0000000711000000| Untracked 
|  98|0x0000000711200000, 0x0000000711200000, 0x0000000711400000|  0%| F|  |TAMS 0x0000000711200000| PB 0x0000000711200000| Untracked 
|  99|0x0000000711400000, 0x0000000711400000, 0x0000000711600000|  0%| F|  |TAMS 0x0000000711400000| PB 0x0000000711400000| Untracked 
| 100|0x0000000711600000, 0x0000000711600000, 0x0000000711800000|  0%| F|  |TAMS 0x0000000711600000| PB 0x0000000711600000| Untracked 
| 101|0x0000000711800000, 0x0000000711800000, 0x0000000711a00000|  0%| F|  |TAMS 0x0000000711800000| PB 0x0000000711800000| Untracked 
| 102|0x0000000711a00000, 0x0000000711a00000, 0x0000000711c00000|  0%| F|  |TAMS 0x0000000711a00000| PB 0x0000000711a00000| Untracked 
| 103|0x0000000711c00000, 0x0000000711c00000, 0x0000000711e00000|  0%| F|  |TAMS 0x0000000711c00000| PB 0x0000000711c00000| Untracked 
| 104|0x0000000711e00000, 0x0000000711e00000, 0x0000000712000000|  0%| F|  |TAMS 0x0000000711e00000| PB 0x0000000711e00000| Untracked 
| 105|0x0000000712000000, 0x0000000712000000, 0x0000000712200000|  0%| F|  |TAMS 0x0000000712000000| PB 0x0000000712000000| Untracked 
| 106|0x0000000712200000, 0x0000000712200000, 0x0000000712400000|  0%| F|  |TAMS 0x0000000712200000| PB 0x0000000712200000| Untracked 
| 107|0x0000000712400000, 0x0000000712400000, 0x0000000712600000|  0%| F|  |TAMS 0x0000000712400000| PB 0x0000000712400000| Untracked 
| 108|0x0000000712600000, 0x0000000712600000, 0x0000000712800000|  0%| F|  |TAMS 0x0000000712600000| PB 0x0000000712600000| Untracked 
| 109|0x0000000712800000, 0x0000000712800000, 0x0000000712a00000|  0%| F|  |TAMS 0x0000000712800000| PB 0x0000000712800000| Untracked 
| 110|0x0000000712a00000, 0x0000000712a00000, 0x0000000712c00000|  0%| F|  |TAMS 0x0000000712a00000| PB 0x0000000712a00000| Untracked 
| 111|0x0000000712c00000, 0x0000000712c00000, 0x0000000712e00000|  0%| F|  |TAMS 0x0000000712c00000| PB 0x0000000712c00000| Untracked 
| 112|0x0000000712e00000, 0x0000000712e00000, 0x0000000713000000|  0%| F|  |TAMS 0x0000000712e00000| PB 0x0000000712e00000| Untracked 
| 113|0x0000000713000000, 0x0000000713200000, 0x0000000713200000|100%| S|CS|TAMS 0x0000000713000000| PB 0x0000000713000000| Complete 
| 114|0x0000000713200000, 0x0000000713400000, 0x0000000713400000|100%| S|CS|TAMS 0x0000000713200000| PB 0x0000000713200000| Complete 
| 115|0x0000000713400000, 0x0000000713400000, 0x0000000713600000|  0%| F|  |TAMS 0x0000000713400000| PB 0x0000000713400000| Untracked 
| 116|0x0000000713600000, 0x00000007136a9b38, 0x0000000713800000| 33%| E|  |TAMS 0x0000000713600000| PB 0x0000000713600000| Complete 
| 117|0x0000000713800000, 0x0000000713a00000, 0x0000000713a00000|100%| E|CS|TAMS 0x0000000713800000| PB 0x0000000713800000| Complete 
| 118|0x0000000713a00000, 0x0000000713c00000, 0x0000000713c00000|100%| E|CS|TAMS 0x0000000713a00000| PB 0x0000000713a00000| Complete 
| 119|0x0000000713c00000, 0x0000000713e00000, 0x0000000713e00000|100%| E|CS|TAMS 0x0000000713c00000| PB 0x0000000713c00000| Complete 
| 120|0x0000000713e00000, 0x0000000713fffc38, 0x0000000714000000| 99%| E|  |TAMS 0x0000000713e00000| PB 0x0000000713e00000| Complete 
| 121|0x0000000714000000, 0x0000000714200000, 0x0000000714200000|100%| E|CS|TAMS 0x0000000714000000| PB 0x0000000714000000| Complete 
| 122|0x0000000714200000, 0x0000000714400000, 0x0000000714400000|100%| E|CS|TAMS 0x0000000714200000| PB 0x0000000714200000| Complete 
| 123|0x0000000714400000, 0x0000000714600000, 0x0000000714600000|100%| E|CS|TAMS 0x0000000714400000| PB 0x0000000714400000| Complete 
| 124|0x0000000714600000, 0x0000000714800000, 0x0000000714800000|100%| E|CS|TAMS 0x0000000714600000| PB 0x0000000714600000| Complete 
| 125|0x0000000714800000, 0x0000000714a00000, 0x0000000714a00000|100%| E|CS|TAMS 0x0000000714800000| PB 0x0000000714800000| Complete 

Card table byte_map: [0x000002052c330000,0x000002052cb10000] _byte_map_base: 0x0000020528b09000

Marking Bits: (CMBitMap*) 0x0000020512bd3de0
 Bits: [0x000002052cb10000, 0x00000205309d8000)

Polling page: 0x0000020512c10000

Metaspace:

Usage:
  Non-class:     11.80 MB used.
      Class:      1.51 MB used.
       Both:     13.31 MB used.

Virtual space:
  Non-class space:       64.00 MB reserved,      11.94 MB ( 19%) committed,  1 nodes.
      Class space:        1.00 GB reserved,       1.69 MB ( <1%) committed,  1 nodes.
             Both:        1.06 GB reserved,      13.62 MB (  1%) committed. 

Chunk freelists:
   Non-Class:  4.02 MB
       Class:  14.36 MB
        Both:  18.37 MB

MaxMetaspaceSize: unlimited
CompressedClassSpaceSize: 1.00 GB
Initial GC threshold: 21.00 MB
Current GC threshold: 21.00 MB
CDS: on
 - commit_granule_bytes: 65536.
 - commit_granule_words: 8192.
 - virtual_space_node_default_size: 8388608.
 - enlarge_chunks_in_place: 1.
 - use_allocation_guard: 0.


Internal statistics:

num_allocs_failed_limit: 0.
num_arena_births: 322.
num_arena_deaths: 0.
num_vsnodes_births: 2.
num_vsnodes_deaths: 0.
num_space_committed: 218.
num_space_uncommitted: 0.
num_chunks_returned_to_freelist: 0.
num_chunks_taken_from_freelist: 594.
num_chunk_merges: 0.
num_chunk_splits: 317.
num_chunks_enlarged: 152.
num_inconsistent_stats: 0.

CodeHeap 'non-profiled nmethods': size=120000Kb used=670Kb max_used=670Kb free=119329Kb
 bounds [0x0000020523990000, 0x0000020523c00000, 0x000002052aec0000]
CodeHeap 'profiled nmethods': size=120000Kb used=3340Kb max_used=3340Kb free=116659Kb
 bounds [0x000002051bec0000, 0x000002051c210000, 0x00000205233f0000]
CodeHeap 'non-nmethods': size=5760Kb used=1418Kb max_used=1432Kb free=4341Kb
 bounds [0x00000205233f0000, 0x0000020523660000, 0x0000020523990000]
 total_blobs=2346 nmethods=1834 adapters=416
 compilation: enabled
              stopped_count=0, restarted_count=0
 full_count=0

Compilation events (20 events):
Event: 1.544 Thread 0x0000020533509240 nmethod 1827 0x000002051c1ff810 code [0x000002051c1ffa00, 0x000002051c1ffd88]
Event: 1.544 Thread 0x0000020533509240 1830       3       org.jetbrains.capture.org.objectweb.asm.ClassReader::readInt (52 bytes)
Event: 1.544 Thread 0x0000020533509240 nmethod 1830 0x000002051c1fff10 code [0x000002051c2000a0, 0x000002051c200278]
Event: 1.544 Thread 0x0000020533509240 1828       3       org.jetbrains.capture.org.objectweb.asm.ClassReader::readStringish (16 bytes)
Event: 1.544 Thread 0x00000205334fe7a0 nmethod 1829 0x0000020523a36990 code [0x0000020523a36b20, 0x0000020523a36bf0]
Event: 1.545 Thread 0x00000205334fe7a0 1831       4       java.util.ArrayList::get (15 bytes)
Event: 1.545 Thread 0x0000020533509240 nmethod 1828 0x000002051c200390 code [0x000002051c200560, 0x000002051c200858]
Event: 1.545 Thread 0x0000020533509240 1832       3       org.jetbrains.capture.org.objectweb.asm.MethodWriter::visitLabel (332 bytes)
Event: 1.546 Thread 0x0000020533509240 nmethod 1832 0x000002051c200a10 code [0x000002051c200ca0, 0x000002051c201a98]
Event: 1.546 Thread 0x0000020533509240 1833       1       org.jetbrains.capture.org.objectweb.asm.SymbolTable::getSource (5 bytes)
Event: 1.546 Thread 0x00000205334fe7a0 nmethod 1831 0x0000020523a36c90 code [0x0000020523a36e20, 0x0000020523a36f40]
Event: 1.546 Thread 0x0000020533509240 nmethod 1833 0x0000020523a37090 code [0x0000020523a37220, 0x0000020523a372f0]
Event: 1.547 Thread 0x00000205334fe7a0 1834       4       java.lang.Character::charCount (12 bytes)
Event: 1.547 Thread 0x00000205334fe7a0 nmethod 1834 0x0000020523a37390 code [0x0000020523a37500, 0x0000020523a37588]
Event: 1.549 Thread 0x0000020533509240 1835       3       java.lang.invoke.MethodHandles::makeIdentity (23 bytes)
Event: 1.550 Thread 0x0000020533509240 nmethod 1835 0x000002051c201d10 code [0x000002051c201f80, 0x000002051c202970]
Event: 1.550 Thread 0x0000020533509240 1836       3       java.lang.invoke.LambdaForm::identityForm (27 bytes)
Event: 1.551 Thread 0x0000020533509240 nmethod 1836 0x000002051c202d90 code [0x000002051c202f40, 0x000002051c203128]
Event: 1.554 Thread 0x0000020533509240 1837       1       java.util.concurrent.CopyOnWriteArrayList::getArray (5 bytes)
Event: 1.554 Thread 0x0000020533509240 nmethod 1837 0x0000020523a37690 code [0x0000020523a37820, 0x0000020523a378f0]

GC Heap History (2 events):
Event: 0.853 GC heap before
{Heap before GC invocations=0 (full 0):
 garbage-first heap   total 258048K, used 20480K [0x0000000704e00000, 0x0000000800000000)
  region size 2048K, 11 young (22528K), 0 survivors (0K)
 Metaspace       used 8648K, committed 8832K, reserved 1114112K
  class space    used 838K, committed 896K, reserved 1048576K
}
Event: 0.862 GC heap after
{Heap after GC invocations=1 (full 0):
 garbage-first heap   total 258048K, used 6783K [0x0000000704e00000, 0x0000000800000000)
  region size 2048K, 2 young (4096K), 2 survivors (4096K)
 Metaspace       used 8648K, committed 8832K, reserved 1114112K
  class space    used 838K, committed 896K, reserved 1048576K
}

Dll operation events (11 events):
Event: 0.034 Loaded shared library C:\Program Files\Zulu\zulu-21\bin\java.dll
Event: 0.037 Loaded shared library C:\Program Files\Zulu\zulu-21\bin\zip.dll
Event: 0.084 Loaded shared library C:\Program Files\Zulu\zulu-21\bin\jsvml.dll
Event: 0.189 Loaded shared library C:\Program Files\Zulu\zulu-21\bin\instrument.dll
Event: 0.198 Loaded shared library C:\Program Files\Zulu\zulu-21\bin\net.dll
Event: 0.213 Loaded shared library C:\Program Files\Zulu\zulu-21\bin\nio.dll
Event: 0.217 Loaded shared library C:\Program Files\Zulu\zulu-21\bin\zip.dll
Event: 0.251 Loaded shared library C:\Program Files\Zulu\zulu-21\bin\extnet.dll
Event: 0.386 Loaded shared library C:\Program Files\Zulu\zulu-21\bin\jimage.dll
Event: 0.618 Loaded shared library C:\Program Files\Zulu\zulu-21\bin\management.dll
Event: 0.634 Loaded shared library C:\Program Files\Zulu\zulu-21\bin\management_ext.dll

Deoptimization events (20 events):
Event: 1.274 Thread 0x0000020579a082c0 Uncommon trap: trap_request=0xffffffde fr.pc=0x00000205239c8d30 relative=0x00000000000002d0
Event: 1.274 Thread 0x0000020579a082c0 Uncommon trap: reason=class_check action=maybe_recompile pc=0x00000205239c8d30 method=java.util.HashMap.getNode(Ljava/lang/Object;)Ljava/util/HashMap$Node; @ 128 c2
Event: 1.274 Thread 0x0000020579a082c0 DEOPT PACKING pc=0x00000205239c8d30 sp=0x000000b8572fe8b0
Event: 1.274 Thread 0x0000020579a082c0 DEOPT UNPACKING pc=0x00000205234416a2 sp=0x000000b8572fe818 mode 2
Event: 1.292 Thread 0x0000020512b66b40 DEOPT PACKING pc=0x000002051c116e1a sp=0x000000b8554fc560
Event: 1.292 Thread 0x0000020512b66b40 DEOPT UNPACKING pc=0x0000020523441e42 sp=0x000000b8554fb9f8 mode 0
Event: 1.411 Thread 0x0000020512b66b40 DEOPT PACKING pc=0x000002051bfdcdeb sp=0x000000b8554fbe50
Event: 1.411 Thread 0x0000020512b66b40 DEOPT UNPACKING pc=0x0000020523441e42 sp=0x000000b8554fb358 mode 0
Event: 1.423 Thread 0x0000020512b66b40 Uncommon trap: trap_request=0xffffff45 fr.pc=0x00000205239e02d4 relative=0x0000000000000054
Event: 1.423 Thread 0x0000020512b66b40 Uncommon trap: reason=unstable_if action=reinterpret pc=0x00000205239e02d4 method=java.lang.CharacterData.of(I)Ljava/lang/CharacterData; @ 4 c2
Event: 1.423 Thread 0x0000020512b66b40 DEOPT PACKING pc=0x00000205239e02d4 sp=0x000000b8554fb710
Event: 1.423 Thread 0x0000020512b66b40 DEOPT UNPACKING pc=0x00000205234416a2 sp=0x000000b8554fb6b0 mode 2
Event: 1.426 Thread 0x0000020512b66b40 Uncommon trap: trap_request=0xffffff45 fr.pc=0x000002052399a3cc relative=0x00000000000000ac
Event: 1.426 Thread 0x0000020512b66b40 Uncommon trap: reason=unstable_if action=reinterpret pc=0x000002052399a3cc method=java.lang.String.isLatin1()Z @ 10 c2
Event: 1.426 Thread 0x0000020512b66b40 DEOPT PACKING pc=0x000002052399a3cc sp=0x000000b8554fbf60
Event: 1.426 Thread 0x0000020512b66b40 DEOPT UNPACKING pc=0x00000205234416a2 sp=0x000000b8554fbe90 mode 2
Event: 1.426 Thread 0x0000020512b66b40 Uncommon trap: trap_request=0xffffff45 fr.pc=0x00000205239aaf30 relative=0x0000000000000190
Event: 1.426 Thread 0x0000020512b66b40 Uncommon trap: reason=unstable_if action=reinterpret pc=0x00000205239aaf30 method=jdk.internal.util.ArraysSupport.vectorizedHashCode(Ljava/lang/Object;IIII)I @ 2 c2
Event: 1.426 Thread 0x0000020512b66b40 DEOPT PACKING pc=0x00000205239aaf30 sp=0x000000b8554fbe60
Event: 1.426 Thread 0x0000020512b66b40 DEOPT UNPACKING pc=0x00000205234416a2 sp=0x000000b8554fbe10 mode 2

Classes loaded (20 events):
Event: 1.543 Loading class java/util/concurrent/CompletableFuture$Completion
Event: 1.543 Loading class java/util/concurrent/CompletableFuture$AsynchronousCompletionTask
Event: 1.543 Loading class java/util/concurrent/CompletableFuture$AsynchronousCompletionTask done
Event: 1.543 Loading class java/util/concurrent/ForkJoinTask
Event: 1.544 Loading class com/intellij/rt/debugger/agent/CaptureAgent$CaptureInstrumentor$2
Event: 1.544 Loading class com/intellij/rt/debugger/agent/CaptureAgent$CaptureInstrumentor$2 done
Event: 1.546 Loading class java/util/concurrent/ForkJoinTask done
Event: 1.546 Loading class java/util/concurrent/CompletableFuture$Completion done
Event: 1.547 Loading class org/junit/platform/launcher/TestPlan
Event: 1.547 Loading class org/junit/platform/launcher/TestPlan done
Event: 1.547 Loading class org/junit/platform/launcher/TestPlan
Event: 1.547 Loading class org/junit/platform/launcher/TestPlan done
Event: 1.548 Loading class org/junit/platform/launcher/TestPlan
Event: 1.548 Loading class org/junit/platform/launcher/TestPlan done
Event: 1.548 Loading class org/junit/platform/launcher/TestPlan
Event: 1.548 Loading class org/junit/platform/launcher/TestPlan done
Event: 1.549 Loading class org/junit/platform/launcher/core/DefaultLauncherSession$ClosedLauncher
Event: 1.549 Loading class org/junit/platform/launcher/core/DefaultLauncherSession$ClosedLauncher done
Event: 1.552 Loading class java/util/IdentityHashMap$KeyIterator
Event: 1.552 Loading class java/util/IdentityHashMap$KeyIterator done

Classes unloaded (0 events):
No events

Classes redefined (1 events):
Event: 0.268 Thread 0x00000205334d1430 redefined class name=java.lang.Throwable, count=1

Internal exceptions (20 events):
Event: 1.188 Thread 0x0000020512b66b40 Exception <a 'java/lang/NoSuchMethodError'{0x00000007141b1908}: 'void java.lang.invoke.DirectMethodHandle$Holder.invokeInterface(java.lang.Object, java.lang.Object, java.lang.Object, java.lang.Object)'> (0x00000007141b1908) 
thrown [s\src\hotspot\share\interpreter\linkResolver.cpp, line 773]
Event: 1.189 Thread 0x0000020512b66b40 Exception <a 'java/lang/IncompatibleClassChangeError'{0x00000007141b4d90}: Found class java.lang.Object, but interface was expected> (0x00000007141b4d90) 
thrown [s\src\hotspot\share\interpreter\linkResolver.cpp, line 840]
Event: 1.193 Thread 0x0000020512b66b40 Exception <a 'java/lang/NoSuchMethodError'{0x0000000713e0e7d0}: 'void java.lang.invoke.DirectMethodHandle$Holder.invokeStatic(java.lang.Object, java.lang.Object, java.lang.Object, java.lang.Object)'> (0x0000000713e0e7d0) 
thrown [s\src\hotspot\share\interpreter\linkResolver.cpp, line 773]
Event: 1.196 Thread 0x0000020512b66b40 Exception <a 'java/lang/NoSuchMethodError'{0x0000000713e2cfe0}: 'java.lang.Object java.lang.invoke.DirectMethodHandle$Holder.newInvokeSpecial(java.lang.Object, java.lang.Object, int)'> (0x0000000713e2cfe0) 
thrown [s\src\hotspot\share\interpreter\linkResolver.cpp, line 773]
Event: 1.217 Thread 0x0000020579a082c0 Exception <a 'java/lang/NoSuchMethodError'{0x0000000713efb370}: static [B.<clinit>()V> (0x0000000713efb370) 
thrown [s\src\hotspot\share\prims\jni.cpp, line 1106]
Event: 1.241 Thread 0x0000020512b66b40 Exception <a 'java/lang/NoSuchMethodError'{0x0000000713fb14f8}: 'int java.lang.invoke.DirectMethodHandle$Holder.invokeStatic(java.lang.Object, java.lang.Object, java.lang.Object, java.lang.Object, java.lang.Object)'> (0x0000000713fb14f8) 
thrown [s\src\hotspot\share\interpreter\linkResolver.cpp, line 773]
Event: 1.246 Thread 0x0000020579a082c0 Exception <a 'java/lang/ClassNotFoundException'{0x0000000713c09f58}: javax/management/remote/rmi/RMIConnectionImpl_Skel> (0x0000000713c09f58) 
thrown [s\src\hotspot\share\classfile\systemDictionary.cpp, line 315]
Event: 1.250 Thread 0x0000020579a049f0 Exception <a 'java/lang/NoSuchMethodError'{0x0000000713c30fc8}: 'java.lang.Object java.lang.invoke.Invokers$Holder.linkToTargetMethod(java.lang.Object, long, java.lang.Object)'> (0x0000000713c30fc8) 
thrown [s\src\hotspot\share\interpreter\linkResolver.cpp, line 773]
Event: 1.263 Thread 0x0000020512b66b40 Exception <a 'java/lang/NoSuchMethodError'{0x0000000713c81630}: 'void java.lang.invoke.DirectMethodHandle$Holder.invokeStaticInit(java.lang.Object)'> (0x0000000713c81630) 
thrown [s\src\hotspot\share\interpreter\linkResolver.cpp, line 773]
Event: 1.265 Thread 0x0000020579a082c0 Exception <a 'java/lang/NoSuchMethodError'{0x0000000713cb1aa0}: 'int java.lang.invoke.DirectMethodHandle$Holder.invokeInterface(java.lang.Object, java.lang.Object, java.lang.Object, java.lang.Object, java.lang.Object)'> (0x0000000713cb1aa0) 
thrown [s\src\hotspot\share\interpreter\linkResolver.cpp, line 773]
Event: 1.267 Thread 0x0000020579a082c0 Exception <a 'java/lang/NoSuchMethodError'{0x0000000713cb9b58}: 'int java.lang.invoke.DelegatingMethodHandle$Holder.reinvoke_L(java.lang.Object, java.lang.Object, java.lang.Object, java.lang.Object, java.lang.Object)'> (0x0000000713cb9b58) 
thrown [s\src\hotspot\share\interpreter\linkResolver.cpp, line 773]
Event: 1.275 Thread 0x0000020579a082c0 Exception <a 'java/lang/NoSuchMethodError'{0x0000000713cd66e0}: 'java.lang.Object java.lang.invoke.DirectMethodHandle$Holder.invokeInterface(java.lang.Object, java.lang.Object, java.lang.Object, java.lang.Object, java.lang.Object)'> (0x0000000713cd66e0) 
thrown [s\src\hotspot\share\interpreter\linkResolver.cpp, line 773]
Event: 1.290 Thread 0x0000020579a082c0 Exception <a 'java/lang/NoSuchMethodError'{0x0000000713d426c0}: 'double java.lang.invoke.DirectMethodHandle$Holder.invokeInterface(java.lang.Object, java.lang.Object)'> (0x0000000713d426c0) 
thrown [s\src\hotspot\share\interpreter\linkResolver.cpp, line 773]
Event: 1.295 Thread 0x0000020579a082c0 Exception <a 'java/lang/NoSuchMethodError'{0x0000000713d939f0}: 'double java.lang.invoke.DelegatingMethodHandle$Holder.reinvoke_L(java.lang.Object, java.lang.Object)'> (0x0000000713d939f0) 
thrown [s\src\hotspot\share\interpreter\linkResolver.cpp, line 773]
Event: 1.327 Thread 0x0000020512b66b40 Exception <a 'java/lang/NoSuchMethodError'{0x0000000713de62c8}: 'void java.lang.invoke.DirectMethodHandle$Holder.invokeStaticInit(java.lang.Object, java.lang.Object, java.lang.Object, java.lang.Object)'> (0x0000000713de62c8) 
thrown [s\src\hotspot\share\interpreter\linkResolver.cpp, line 773]
Event: 1.342 Thread 0x0000020512b66b40 Exception <a 'java/lang/NoSuchMethodError'{0x0000000713a5f0e8}: 'int java.lang.invoke.DirectMethodHandle$Holder.invokeStaticInit(java.lang.Object, java.lang.Object)'> (0x0000000713a5f0e8) 
thrown [s\src\hotspot\share\interpreter\linkResolver.cpp, line 773]
Event: 1.398 Thread 0x0000020512b66b40 Exception <a 'java/lang/NoSuchMethodError'{0x0000000713bcc1d8}: 'java.lang.Object java.lang.invoke.DirectMethodHandle$Holder.newInvokeSpecial(java.lang.Object, java.lang.Object, java.lang.Object, java.lang.Object, java.lang.Object, java.lang.Object, java.lang.Object)'> (0x0000000713bcc1d8) 
thrown [s\src\hotspot\share\interpreter\linkResolver.cpp, line 773]
Event: 1.402 Thread 0x0000020512b66b40 Exception <a 'java/lang/IncompatibleClassChangeError'{0x0000000713bddf78}: Found class java.lang.Object, but interface was expected> (0x0000000713bddf78) 
thrown [s\src\hotspot\share\interpreter\linkResolver.cpp, line 840]
Event: 1.418 Thread 0x0000020512b66b40 Exception <a 'java/lang/IncompatibleClassChangeError'{0x000000071383c928}: Found class java.lang.Object, but interface was expected> (0x000000071383c928) 
thrown [s\src\hotspot\share\interpreter\linkResolver.cpp, line 840]
Event: 1.428 Thread 0x0000020512b66b40 Exception <a 'java/lang/NoSuchMethodError'{0x00000007138932b0}: 'void java.lang.invoke.DirectMethodHandle$Holder.invokeVirtual(java.lang.Object, java.lang.Object)'> (0x00000007138932b0) 
thrown [s\src\hotspot\share\interpreter\linkResolver.cpp, line 773]

ZGC Phase Switch (0 events):
No events

VM Operations (20 events):
Event: 0.681 Executing VM operation: HandshakeAllThreads (Deoptimize) done
Event: 0.686 Executing VM operation: HandshakeAllThreads (Deoptimize)
Event: 0.686 Executing VM operation: HandshakeAllThreads (Deoptimize) done
Event: 0.718 Executing VM operation: HandshakeAllThreads (Deoptimize)
Event: 0.718 Executing VM operation: HandshakeAllThreads (Deoptimize) done
Event: 0.852 Executing VM operation: G1CollectForAllocation (G1 Evacuation Pause)
Event: 0.863 Executing VM operation: G1CollectForAllocation (G1 Evacuation Pause) done
Event: 0.993 Executing VM operation: HandshakeAllThreads (Deoptimize)
Event: 0.993 Executing VM operation: HandshakeAllThreads (Deoptimize) done
Event: 1.016 Executing VM operation: HandshakeAllThreads (Deoptimize)
Event: 1.016 Executing VM operation: HandshakeAllThreads (Deoptimize) done
Event: 1.243 Executing VM operation: HandshakeAllThreads (Deoptimize)
Event: 1.243 Executing VM operation: HandshakeAllThreads (Deoptimize) done
Event: 1.409 Executing VM operation: HandshakeAllThreads (Deoptimize)
Event: 1.409 Executing VM operation: HandshakeAllThreads (Deoptimize) done
Event: 1.423 Executing VM operation: HandshakeAllThreads (Deoptimize)
Event: 1.424 Executing VM operation: HandshakeAllThreads (Deoptimize) done
Event: 1.516 Executing VM operation: HandshakeAllThreads (Deoptimize)
Event: 1.517 Executing VM operation: HandshakeAllThreads (Deoptimize) done
Event: 1.554 Executing VM operation: Exit

Events (20 events):
Event: 0.058 Thread 0x0000020512b66b40 Thread added: 0x0000020512b66b40
Event: 0.080 Thread 0x00000205334f31c0 Thread added: 0x00000205334f31c0
Event: 0.080 Thread 0x00000205334f3be0 Thread added: 0x00000205334f3be0
Event: 0.080 Thread 0x00000205334f5ce0 Thread added: 0x00000205334f5ce0
Event: 0.080 Thread 0x00000205334f6d10 Thread added: 0x00000205334f6d10
Event: 0.081 Thread 0x00000205334f96c0 Thread added: 0x00000205334f96c0
Event: 0.081 Thread 0x00000205334fac50 Thread added: 0x00000205334fac50
Event: 0.081 Thread 0x00000205334fe7a0 Thread added: 0x00000205334fe7a0
Event: 0.081 Thread 0x0000020533509240 Thread added: 0x0000020533509240
Event: 0.159 Thread 0x000002053393b150 Thread added: 0x000002053393b150
Event: 0.175 Thread 0x0000020533993110 Thread added: 0x0000020533993110
Event: 0.230 Thread 0x0000020533b205b0 Thread added: 0x0000020533b205b0
Event: 0.283 Thread 0x0000020533b96a80 Thread added: 0x0000020533b96a80
Event: 0.907 Thread 0x0000020579c5e910 Thread added: 0x0000020579c5e910
Event: 1.158 Thread 0x0000020579a07620 Thread added: 0x0000020579a07620
Event: 1.180 Thread 0x0000020579a082c0 Thread added: 0x0000020579a082c0
Event: 1.213 Thread 0x0000020579a06fd0 Thread added: 0x0000020579a06fd0
Event: 1.238 Thread 0x0000020579a049f0 Thread added: 0x0000020579a049f0
Event: 1.553 Thread 0x000002057ab8c5f0 Thread added: 0x000002057ab8c5f0
Event: 1.554 Thread 0x000002057ab8c5f0 Thread exited: 0x000002057ab8c5f0


Dynamic libraries:
0x00007ff77c1d0000 - 0x00007ff77c1de000 	C:\Program Files\Zulu\zulu-21\bin\java.exe
0x00007ffcd3e40000 - 0x00007ffcd40a3000 	C:\WINDOWS\SYSTEM32\ntdll.dll
0x00007ffcd2e20000 - 0x00007ffcd2ee8000 	C:\WINDOWS\System32\KERNEL32.DLL
0x00007ffcd1820000 - 0x00007ffcd1bd2000 	C:\WINDOWS\System32\KERNELBASE.dll
0x00007ffcd1630000 - 0x00007ffcd177b000 	C:\WINDOWS\System32\ucrtbase.dll
0x00007ffc8d300000 - 0x00007ffc8d31b000 	C:\Program Files\Zulu\zulu-21\bin\VCRUNTIME140.dll
0x00007ffccaa90000 - 0x00007ffccaaa8000 	C:\Program Files\Zulu\zulu-21\bin\jli.dll
0x00007ffcd1d90000 - 0x00007ffcd1f58000 	C:\WINDOWS\System32\USER32.dll
0x00007ffcafa90000 - 0x00007ffcafd20000 	C:\WINDOWS\WinSxS\amd64_microsoft.windows.common-controls_6595b64144ccf1df_6.0.26100.2454_none_3e0b68a2e331ad60\COMCTL32.dll
0x00007ffcd3010000 - 0x00007ffcd30b9000 	C:\WINDOWS\System32\msvcrt.dll
0x00007ffcd1210000 - 0x00007ffcd1237000 	C:\WINDOWS\System32\win32u.dll
0x00007ffcd2fe0000 - 0x00007ffcd300a000 	C:\WINDOWS\System32\GDI32.dll
0x00007ffcd1450000 - 0x00007ffcd157b000 	C:\WINDOWS\System32\gdi32full.dll
0x00007ffcd1580000 - 0x00007ffcd1623000 	C:\WINDOWS\System32\msvcp_win.dll
0x00007ffcd3b00000 - 0x00007ffcd3b2f000 	C:\WINDOWS\System32\IMM32.DLL
0x00007ffcd0f30000 - 0x00007ffcd1071000 	C:\Program Files\Avecto\Privilege Guard Client\PGHook.dll
0x00007ffcb6f60000 - 0x00007ffcb6f6c000 	C:\Program Files\Zulu\zulu-21\bin\vcruntime140_1.dll
0x00007ffc7ddb0000 - 0x00007ffc7de3e000 	C:\Program Files\Zulu\zulu-21\bin\msvcp140.dll
0x00007ffc2dd20000 - 0x00007ffc2e9ec000 	C:\Program Files\Zulu\zulu-21\bin\server\jvm.dll
0x00007ffcd30c0000 - 0x00007ffcd3174000 	C:\WINDOWS\System32\ADVAPI32.dll
0x00007ffcd1f60000 - 0x00007ffcd2006000 	C:\WINDOWS\System32\sechost.dll
0x00007ffcd3c30000 - 0x00007ffcd3d46000 	C:\WINDOWS\System32\RPCRT4.dll
0x00007ffcd38c0000 - 0x00007ffcd3934000 	C:\WINDOWS\System32\WS2_32.dll
0x00007ffcb9140000 - 0x00007ffcb914b000 	C:\WINDOWS\SYSTEM32\VERSION.dll
0x00007ffcd10a0000 - 0x00007ffcd10ee000 	C:\WINDOWS\SYSTEM32\POWRPROF.dll
0x00007ffcc5250000 - 0x00007ffcc5286000 	C:\WINDOWS\SYSTEM32\WINMM.dll
0x00007ffcd1080000 - 0x00007ffcd1094000 	C:\WINDOWS\SYSTEM32\UMPDC.dll
0x00007ffccfd90000 - 0x00007ffccfdaa000 	C:\WINDOWS\SYSTEM32\kernel.appcore.dll
0x00007ffc9f3f0000 - 0x00007ffc9f3fa000 	C:\Program Files\Zulu\zulu-21\bin\jimage.dll
0x00007ffcce4f0000 - 0x00007ffcce731000 	C:\WINDOWS\SYSTEM32\DBGHELP.DLL
0x00007ffcd2860000 - 0x00007ffcd2bde000 	C:\WINDOWS\System32\combase.dll
0x00007ffcd1cb0000 - 0x00007ffcd1d86000 	C:\WINDOWS\System32\OLEAUT32.dll
0x00007ffcb5b10000 - 0x00007ffcb5b49000 	C:\WINDOWS\SYSTEM32\dbgcore.DLL
0x00007ffcd1780000 - 0x00007ffcd1819000 	C:\WINDOWS\System32\bcryptPrimitives.dll
0x00007ffcc8950000 - 0x00007ffcc895f000 	C:\Program Files\Zulu\zulu-21\bin\instrument.dll
0x00007ffc88710000 - 0x00007ffc8872f000 	C:\Program Files\Zulu\zulu-21\bin\java.dll
0x00007ffc80600000 - 0x00007ffc80618000 	C:\Program Files\Zulu\zulu-21\bin\zip.dll
0x00007ffcd2150000 - 0x00007ffcd2851000 	C:\WINDOWS\System32\SHELL32.dll
0x00007ffccea60000 - 0x00007ffccf291000 	C:\WINDOWS\SYSTEM32\windows.storage.dll
0x00007ffcd3180000 - 0x00007ffcd325a000 	C:\WINDOWS\System32\SHCORE.dll
0x00007ffcd2010000 - 0x00007ffcd206d000 	C:\WINDOWS\System32\shlwapi.dll
0x00007ffcd1120000 - 0x00007ffcd114e000 	C:\WINDOWS\SYSTEM32\profapi.dll
0x00007ffc2f400000 - 0x00007ffc2f4d7000 	C:\Program Files\Zulu\zulu-21\bin\jsvml.dll
0x00007ffc8d2f0000 - 0x00007ffc8d300000 	C:\Program Files\Zulu\zulu-21\bin\net.dll
0x00007ffccfdb0000 - 0x00007ffccfed6000 	C:\WINDOWS\SYSTEM32\WINHTTP.dll
0x00007ffcd03a0000 - 0x00007ffcd0408000 	C:\WINDOWS\system32\mswsock.dll
0x00007ffc7fd30000 - 0x00007ffc7fd46000 	C:\Program Files\Zulu\zulu-21\bin\nio.dll
0x00007ffc85a00000 - 0x00007ffc85a09000 	C:\Program Files\Zulu\zulu-21\bin\extnet.dll
0x00007ffccf5f0000 - 0x00007ffccf715000 	C:\WINDOWS\SYSTEM32\DNSAPI.dll
0x00007ffccf5b0000 - 0x00007ffccf5e2000 	C:\WINDOWS\SYSTEM32\IPHLPAPI.DLL
0x00007ffcd2bf0000 - 0x00007ffcd2bfa000 	C:\WINDOWS\System32\NSI.dll
0x00007ffcc4280000 - 0x00007ffcc428b000 	C:\Windows\System32\rasadhlp.dll
0x00007ffcc4bb0000 - 0x00007ffcc4c35000 	C:\WINDOWS\System32\fwpuclnt.dll
0x00007ffc7fd20000 - 0x00007ffc7fd2a000 	C:\Program Files\Zulu\zulu-21\bin\management.dll
0x00007ffc7fd10000 - 0x00007ffc7fd1b000 	C:\Program Files\Zulu\zulu-21\bin\management_ext.dll
0x00007ffcd2cb0000 - 0x00007ffcd2cb8000 	C:\WINDOWS\System32\PSAPI.DLL
0x00007ffcd0750000 - 0x00007ffcd076c000 	C:\WINDOWS\SYSTEM32\CRYPTSP.dll
0x00007ffccfcf0000 - 0x00007ffccfd28000 	C:\WINDOWS\system32\rsaenh.dll
0x00007ffcd0440000 - 0x00007ffcd046b000 	C:\WINDOWS\SYSTEM32\USERENV.dll
0x00007ffcd08e0000 - 0x00007ffcd0906000 	C:\WINDOWS\SYSTEM32\bcrypt.dll
0x00007ffcd05d0000 - 0x00007ffcd05dc000 	C:\WINDOWS\SYSTEM32\CRYPTBASE.dll
0x00007ffcb62d0000 - 0x00007ffcb62e8000 	C:\WINDOWS\system32\napinsp.dll
0x00007ffcb6ef0000 - 0x00007ffcb6f02000 	C:\WINDOWS\System32\winrnr.dll
0x00007ffca1170000 - 0x00007ffca1192000 	C:\WINDOWS\system32\nlansp_c.dll
0x00007ffcb62f0000 - 0x00007ffcb6306000 	C:\WINDOWS\system32\wshbth.dll
0x00007ffcb93d0000 - 0x00007ffcb9426000 	C:\WINDOWS\SYSTEM32\pdh.dll
0x00007ffcc89c0000 - 0x00007ffcc89d2000 	C:\WINDOWS\System32\perfproc.dll

dbghelp: loaded successfully - version: 4.0.5 - missing functions: none
symbol engine: initialized successfully - sym options: 0x614 - pdb path: .;C:\Program Files\Zulu\zulu-21\bin;C:\WINDOWS\SYSTEM32;C:\WINDOWS\WinSxS\amd64_microsoft.windows.common-controls_6595b64144ccf1df_6.0.26100.2454_none_3e0b68a2e331ad60;C:\Program Files\Avecto\Privilege Guard Client;C:\Program Files\Zulu\zulu-21\bin\server

VM Arguments:
jvm_args: -ea -Didea.test.cyclic.buffer.size=1048576 -javaagent:C:\Program Files\JetBrains\IntelliJ IDEA 2024.3.4\lib\idea_rt.jar=51655 -javaagent:C:\Users\BLR-LR\AppData\Local\JetBrains\IntelliJIdea2024.3\captureAgent\debugger-agent.jar -Dkotlinx.coroutines.debug.enable.creation.stack.trace=false -Ddebugger.agent.enable.coroutines=true -Dkotlinx.coroutines.debug.enable.flows.stack.trace=true -Dkotlinx.coroutines.debug.enable.mutable.state.flows.stack.trace=true -Dfile.encoding=UTF-8 -Dsun.stdout.encoding=UTF-8 -Dsun.stderr.encoding=UTF-8 
java_command: com.intellij.rt.junit.JUnitStarter -ideVersion5 -junit5 expd.week12.capstone02.dao.inMemory.ArtistDAOTest,testUpdateArtist
java_class_path (initial): C:\Users\BLR-LR\.m2\repository\org\junit\platform\junit-platform-launcher\1.11.4\junit-platform-launcher-1.11.4.jar;C:\Program Files\JetBrains\IntelliJ IDEA 2024.3.4\lib\idea_rt.jar;C:\Program Files\JetBrains\IntelliJ IDEA 2024.3.4\plugins\junit\lib\junit5-rt.jar;C:\Program Files\JetBrains\IntelliJ IDEA 2024.3.4\plugins\junit\lib\junit-rt.jar;C:\Users\BLR-LR\Desktop\JavaPS\Capstone02\capstone02\target\test-classes;C:\Users\BLR-LR\Desktop\JavaPS\Capstone02\capstone02\target\classes;C:\Users\BLR-LR\.m2\repository\org\springframework\boot\spring-boot-starter-validation\3.4.3\spring-boot-starter-validation-3.4.3.jar;C:\Users\BLR-LR\.m2\repository\org\springframework\boot\spring-boot-starter\3.4.3\spring-boot-starter-3.4.3.jar;C:\Users\BLR-LR\.m2\repository\org\springframework\boot\spring-boot-starter-logging\3.4.3\spring-boot-starter-logging-3.4.3.jar;C:\Users\BLR-LR\.m2\repository\ch\qos\logback\logback-classic\1.5.16\logback-classic-1.5.16.jar;C:\Users\BLR-LR\.m2\repository\ch\qos\logback\logback-core\1.5.16\logback-core-1.5.16.jar;C:\Users\BLR-LR\.m2\repository\org\apache\logging\log4j\log4j-to-slf4j\2.24.3\log4j-to-slf4j-2.24.3.jar;C:\Users\BLR-LR\.m2\repository\org\apache\logging\log4j\log4j-api\2.24.3\log4j-api-2.24.3.jar;C:\Users\BLR-LR\.m2\repository\org\slf4j\jul-to-slf4j\2.0.16\jul-to-slf4j-2.0.16.jar;C:\Users\BLR-LR\.m2\repository\jakarta\annotation\jakarta.annotation-api\2.1.1\jakarta.annotation-api-2.1.1.jar;C:\Users\BLR-LR\.m2\repository\org\yaml\snakeyaml\2.3\snakeyaml-2.3.jar;C:\Users\BLR-LR\.m2\repository\org\apache\tomcat\embed\tomcat-embed-el\10.1.36\tomcat-embed-el-10.1.36.jar;C:\Users\BLR-LR\.m2\repository\org\hibernate\validator\hibernate-validator\8.0.2.Final\hibernate-validator-8.0.2.Final.jar;C:\Users\BLR-LR\.m2\repository\jakarta\validation\jakarta.validation-api\3.0.2\jakarta.validation-api-3.0.2.jar;C:\Users\BLR-LR\.m2\repository\org\jboss\logging\jboss-logging\3.6.1.Final\jboss-logging-3.6.1.Final.jar;C:\Users\BLR-LR\.m2\repository\com\fasterxml\classmate\1.7.0\classmate-1.7.0.jar;C:\Users\BLR-LR\.m2\repository\org\springframework\boot\spring-boot-starter-web\3.4.3\spring-boot-starter-web-3.4.3.jar;C:\Users\BLR-LR\.m2\repository\org\springframework\boot\spring-boot-starter-json\3.4.3\spring-boot-starter-json-3.4.3.jar;C:\Users\BLR-LR\.m2\repository\com\fasterxml\jackson\core\jackson-databind\2.18.2\jackson-databind-2.18.2.jar;C:\Users\BLR-LR\.m2\repository\com\fasterxml\jackson\core\jackson-annotations\2.18.2\jackson-annotations-2.18.2.jar;C:\Users\BLR-LR\.m2\repository\com\fasterxml\jackson\core\jackson-core\2.18.2\jackson-core-2.18.2.jar;C:\Users\BLR-LR\.m2\repository\com\fasterxml\jackson\datatype\jackson-datatype-jdk8\2.18.2\jackson-datatype-jdk8-2.18.2.jar;C:\Users\BLR-LR\.m2\repository\com\fasterxml\jackson\datatype\jackson-datatype-jsr310\2.18.2\jackson-datatype-jsr310-2.18.2.jar;C:\Users\BLR-LR\.m2\repository\com\fasterxml\jackson\module\jackson-module-parameter-names\2.18.2\jackson-module-parameter-names-2.18.2.jar;C:\Users\BLR-LR\.m2\repository\org\springframework\boot\spring-boot-starter-tomcat\3.4.3\spring-boot-starter-tomcat-3.4.3.jar;C:\Users\BLR-LR\.m2\repository\org\apache\tomcat\embed\tomcat-embed-core\10.1.36\tomcat-embed-core-10.1.36.jar;C:\Users\BLR-LR\.m2\repository\org\apache\tomcat\embed\tomcat-embed-websocket\10.1.36\tomcat-embed-websocket-10.1.36.jar;C:\Users\BLR-LR\.m2\repository\org\springframework\spring-web\6.2.3\spring-web-6.2.3.jar;C:\Users\BLR-LR\.m2\repository\org\springframework\spring-beans\6.2.3\spring-beans-6.2.3.jar;C:\Users\BLR-LR\.m2\repository\io\micrometer\micrometer-observation\1.14.4\micrometer-observation-1.14.4.jar;C:\Users\BLR-LR\.m2\repository\io\micrometer\micrometer-commons\1.14.4\micrometer-commons-1.14.4.jar;C:\Users\BLR-LR\.m2\repository\org\springframework\spring-webmvc\6.2.3\spring-webmvc-6.2.3.jar;C:\Users\BLR-LR\.m2\repository\org\springframework\spring-aop\6.2.3\spring-aop-6.2.3.jar;C:\Users\BLR-LR\.m2\repository\org\springframework\spring-context\6.2.3\spring-context-6.2.3.jar;C:\Users\BLR-LR\.m2\repository\org\springframework\spring-expression\6.2.3\spring-expression-6.2.3.jar;C:\Users\BLR-LR\.m2\repository\org\springframework\boot\spring-boot-devtools\3.4.3\spring-boot-devtools-3.4.3.jar;C:\Users\BLR-LR\.m2\repository\org\springframework\boot\spring-boot\3.4.3\spring-boot-3.4.3.jar;C:\Users\BLR-LR\.m2\repository\org\springframework\boot\spring-boot-autoconfigure\3.4.3\spring-boot-autoconfigure-3.4.3.jar;C:\Users\BLR-LR\.m2\repository\org\projectlombok\lombok\1.18.36\lombok-1.18.36.jar;C:\Users\BLR-LR\.m2\repository\org\springframework\boot\spring-boot-starter-test\3.4.3\spring-boot-starter-test-3.4.3.jar;C:\Users\BLR-LR\.m2\repository\org\springframework\boot\spring-boot-test\3.4.3\spring-boot-test-3.4.3.jar;C:\Users\BLR-LR\.m2\repository\org\springframework\boot\spring-boot-test-autoconfigure\3.4.3\spring-boot-test-autoconfigure-3.4.3.jar;C:\Users\BLR-LR\.m2\repository\com\jayway\jsonpath\json-path\2.9.0\json-path-2.9.0.jar;C:\Users\BLR-LR\.m2\repository\org\slf4j\slf4j-api\2.0.16\slf4j-api-2.0.16.jar;C:\Users\BLR-LR\.m2\repository\jakarta\xml\bind\jakarta.xml.bind-api\4.0.2\jakarta.xml.bind-api-4.0.2.jar;C:\Users\BLR-LR\.m2\repository\jakarta\activation\jakarta.activation-api\2.1.3\jakarta.activation-api-2.1.3.jar;C:\Users\BLR-LR\.m2\repository\net\minidev\json-smart\2.5.2\json-smart-2.5.2.jar;C:\Users\BLR-LR\.m2\repository\net\minidev\accessors-smart\2.5.2\accessors-smart-2.5.2.jar;C:\Users\BLR-LR\.m2\repository\org\ow2\asm\asm\9.7.1\asm-9.7.1.jar;C:\Users\BLR-LR\.m2\repository\org\assertj\assertj-core\3.26.3\assertj-core-3.26.3.jar;C:\Users\BLR-LR\.m2\repository\net\bytebuddy\byte-buddy\1.15.11\byte-buddy-1.15.11.jar;C:\Users\BLR-LR\.m2\repository\org\awaitility\awaitility\4.2.2\awaitility-4.2.2.jar;C:\Users\BLR-LR\.m2\repository\org\hamcrest\hamcrest\2.2\hamcrest-2.2.jar;C:\Users\BLR-LR\.m2\repository\org\junit\jupiter\junit-jupiter\5.11.4\junit-jupiter-5.11.4.jar;C:\Users\BLR-LR\.m2\repository\org\junit\jupiter\junit-jupiter-api\5.11.4\junit-jupiter-api-5.11.4.jar;C:\Users\BLR-LR\.m2\repository\org\opentest4j\opentest4j\1.3.0\opentest4j-1.3.0.jar;C:\Users\BLR-LR\.m2\repository\org\junit\platform\junit-platform-commons\1.11.4\junit-platform-commons-1.11.4.jar;C:\Users\BLR-LR\.m2\repository\org\apiguardian\apiguardian-api\1.1.2\apiguardian-api-1.1.2.jar;C:\Users\BLR-LR\.m2\repository\org\junit\jupiter\junit-jupiter-params\5.11.4\junit-jupiter-params-5.11.4.jar;C:\Users\BLR-LR\.m2\repository\org\junit\jupiter\junit-jupiter-engine\5.11.4\junit-jupiter-engine-5.11.4.jar;C:\Users\BLR-LR\.m2\repository\org\junit\platform\junit-platform-engine\1.11.4\junit-platform-engine-1.11.4.jar;C:\Users\BLR-LR\.m2\repository\org\mockito\mockito-core\5.14.2\mockito-core-5.14.2.jar;C:\Users\BLR-LR\.m2\repository\net\bytebuddy\byte-buddy-agent\1.15.11\byte-buddy-agent-1.15.11.jar;C:\Users\BLR-LR\.m2\repository\org\objenesis\objenesis\3.3\objenesis-3.3.jar;C:\Users\BLR-LR\.m2\repository\org\mockito\mockito-junit-jupiter\5.14.2\mockito-junit-jupiter-5.14.2.jar;C:\Users\BLR-LR\.m2\repository\org\skyscreamer\jsonassert\1.5.3\jsonassert-1.5.3.jar;C:\Users\BLR-LR\.m2\repository\com\vaadin\external\google\android-json\0.0.20131108.vaadin1\android-json-0.0.20131108.vaadin1.jar;C:\Users\BLR-LR\.m2\repository\org\springframework\spring-core\6.2.3\spring-core-6.2.3.jar;C:\Users\BLR-LR\.m2\repository\org\springframework\spring-jcl\6.2.3\spring-jcl-6.2.3.jar;C:\Users\BLR-LR\.m2\repository\org\springframework\spring-test\6.2.3\spring-test-6.2.3.jar;C:\Users\BLR-LR\.m2\repository\org\xmlunit\xmlunit-core\2.10.0\xmlunit-core-2.10.0.jar;C:\Users\BLR-LR\.m2\repository\org\springdoc\springdoc-openapi-starter-webmvc-ui\2.3.0\springdoc-openapi-starter-webmvc-ui-2.3.0.jar;C:\Users\BLR-LR\.m2\repository\org\springdoc\springdoc-openapi-starter-webmvc-api\2.3.0\springdoc-openapi-starter-webmvc-api-2.3.0.jar;C:\Users\BLR-LR\.m2\repository\org\springdoc\springdoc-openapi-starter-common\2.3.0\springdoc-openapi-starter-common-2.3.0.jar;C:\Users\BLR-LR\.m2\repository\io\swagger\core\v3\swagger-core-jakarta\2.2.19\swagger-core-jakarta-2.2.19.jar;C:\Users\BLR-LR\.m2\repository\org\apache\commons\commons-lang3\3.17.0\commons-lang3-3.17.0.jar;C:\Users\BLR-LR\.m2\repository\io\swagger\core\v3\swagger-annotations-jakarta\2.2.19\swagger-annotations-jakarta-2.2.19.jar;C:\Users\BLR-LR\.m2\repository\io\swagger\core\v3\swagger-models-jakarta\2.2.19\swagger-models-jakarta-2.2.19.jar;C:\Users\BLR-LR\.m2\repository\com\fasterxml\jackson\dataformat\jackson-dataformat-yaml\2.18.2\jackson-dataformat-yaml-2.18.2.jar;C:\Users\BLR-LR\.m2\repository\org\webjars\swagger-ui\5.10.3\swagger-ui-5.10.3.jar
Launcher Type: SUN_STANDARD

[Global flags]
     intx CICompilerCount                          = 4                                         {product} {ergonomic}
     uint ConcGCThreads                            = 3                                         {product} {ergonomic}
     uint G1ConcRefinementThreads                  = 10                                        {product} {ergonomic}
   size_t G1HeapRegionSize                         = 2097152                                   {product} {ergonomic}
    uintx GCDrainStackTargetSize                   = 64                                        {product} {ergonomic}
   size_t InitialHeapSize                          = 264241152                                 {product} {ergonomic}
   size_t MarkStackSize                            = 4194304                                   {product} {ergonomic}
   size_t MaxHeapSize                              = 4213178368                                {product} {ergonomic}
   size_t MaxNewSize                               = 2527068160                                {product} {ergonomic}
   size_t MinHeapDeltaBytes                        = 2097152                                   {product} {ergonomic}
   size_t MinHeapSize                              = 8388608                                   {product} {ergonomic}
    uintx NonNMethodCodeHeapSize                   = 5839372                                {pd product} {ergonomic}
    uintx NonProfiledCodeHeapSize                  = 122909434                              {pd product} {ergonomic}
    uintx ProfiledCodeHeapSize                     = 122909434                              {pd product} {ergonomic}
    uintx ReservedCodeCacheSize                    = 251658240                              {pd product} {ergonomic}
     bool SegmentedCodeCache                       = true                                      {product} {ergonomic}
   size_t SoftMaxHeapSize                          = 4213178368                             {manageable} {ergonomic}
     bool UseCompressedOops                        = true                           {product lp64_product} {ergonomic}
     bool UseG1GC                                  = true                                      {product} {ergonomic}
     bool UseLargePagesIndividualAllocation        = false                                  {pd product} {ergonomic}

Logging:
Log output configuration:
 #0: stdout all=off uptime,level,tags foldmultilines=false
 #1: stderr all=off uptime,level,tags foldmultilines=false

Environment Variables:
JAVA_HOME=C:\Program Files\Zulu\zulu-21
PATH=C:\Python313\Scripts\;C:\Python313\;C:\Program Files\Zulu\zulu-17\bin\;C:\Program Files\Zulu\zulu-11\bin\;C:\Program Files\Zulu\zulu-21\bin\;C:\Program Files\Common Files\Oracle\Java\javapath;C:\Python312\Scripts\;C:\Python312\;C:\Program Files\Zulu\zulu-8\bin\;C:\WINDOWS\system32;C:\WINDOWS;C:\WINDOWS\System32\Wbem;C:\WINDOWS\System32\WindowsPowerShell\v1.0\;C:\WINDOWS\System32\OpenSSH\;C:\Program Files\TortoiseSVN\bin;C:\Program Files\Python311;C:\Program Files\Python311\script;C:\ProgramData\chocolatey\bin;C:\Maven\apache-maven-3.8.8\bin;C:\Program Files\ServiceNow\agent-client-collector\bin;C:\Program Files\ServiceNow\agent-client-collector\embedded\bin;C:\Program Files\nodejs\;C:\Program Files\Git\cmd;C:\Users\BLR-LR\AppData\Local\Programs\Python\Python311\Scripts\;C:\Users\BLR-LR\AppData\Local\Programs\Python\Python311\;C:\Users\BLR-LR\AppData\Local\Microsoft\WindowsApps;;C:\Users\BLR-LR\AppData\Local\Programs\Microsoft VS Code\bin;C:\Users\BLR-LR\AppData\Local\JetBrains\PyCharm 2023.3\bin;;C:\Program Files\JetBrains\IntelliJ IDEA 2024.3.4\bin;;C:\Users\BLR-LR\AppData\Local\Microsoft\WinGet\Packages\Schniz.fnm_Microsoft.Winget.Source_8wekyb3d8bbwe;C:\Users\BLR-LR\AppData\Roaming\npm
USERNAME=blr-lr
OS=Windows_NT
PROCESSOR_IDENTIFIER=Intel64 Family 6 Model 154 Stepping 4, GenuineIntel
TMP=C:\Users\BLR-LR\AppData\Local\Temp
TEMP=C:\Users\BLR-LR\AppData\Local\Temp




Periodic native trim disabled

---------------  S Y S T E M  ---------------

OS:
 Windows 11 , 64 bit Build 26100 (10.0.26100.2454)
OS uptime: 1 days 2:57 hours
Hyper-V role detected

CPU: total 12 (initial active 12) (6 cores per cpu, 2 threads per core) family 6 model 154 stepping 4 microcode 0x433, cx8, cmov, fxsr, ht, mmx, 3dnowpref, sse, sse2, sse3, ssse3, sse4.1, sse4.2, popcnt, lzcnt, tsc, tscinvbit, avx, avx2, aes, erms, clmul, bmi1, bmi2, adx, sha, fma, vzeroupper, clflush, clflushopt, clwb, hv, serialize, rdtscp, rdpid, fsrm, f16c, cet_ibt, cet_ss
Processor Information for processor 0
  Max Mhz: 1700, Current Mhz: 1700, Mhz Limit: 1700
Processor Information for processor 1
  Max Mhz: 1700, Current Mhz: 1700, Mhz Limit: 1700
Processor Information for processor 2
  Max Mhz: 1700, Current Mhz: 1700, Mhz Limit: 1700
Processor Information for processor 3
  Max Mhz: 1700, Current Mhz: 1700, Mhz Limit: 1700
Processor Information for processor 4
  Max Mhz: 1700, Current Mhz: 1200, Mhz Limit: 1190
Processor Information for processor 5
  Max Mhz: 1700, Current Mhz: 1200, Mhz Limit: 1190
Processor Information for processor 6
  Max Mhz: 1700, Current Mhz: 1200, Mhz Limit: 1190
Processor Information for processor 7
  Max Mhz: 1700, Current Mhz: 1200, Mhz Limit: 1190
Processor Information for processor 8
  Max Mhz: 1700, Current Mhz: 1200, Mhz Limit: 1190
Processor Information for processor 9
  Max Mhz: 1700, Current Mhz: 1200, Mhz Limit: 1190
Processor Information for processor 10
  Max Mhz: 1700, Current Mhz: 1200, Mhz Limit: 1190
Processor Information for processor 11
  Max Mhz: 1700, Current Mhz: 1200, Mhz Limit: 1190

Memory: 4k page, system-wide physical 16067M (2058M free)
TotalPageFile size 26819M (AvailPageFile size 1811M)
current process WorkingSet (physical memory assigned to process): 123M, peak: 124M
current process commit charge ("private bytes"): 391M, peak: 392M

vm_info: OpenJDK 64-Bit Server VM (21.0.2+13-LTS) for windows-amd64 JRE (21.0.2+13-LTS) (Zulu21.32+18-SA), built on 2024-01-09T20:59:38Z by "zulu_re" with MS VC++ 17.1 (VS2022)

END.
